<?xml version="1.0" encoding="UTF-8"?>
<!-- Generated by org.testng.reporters.JUnitReportReporter -->
<testsuite skipped="0" hostname="LAPTOP-ERF5AP4R" name="extent.extent.ExtentReportTest" tests="1" failures="0" timestamp="2021-01-22T14:35:16 IST" time="15.457" errors="0">
  <testcase name="extentReportsDemo" time="15.457" classname="extent.extent.ExtentReportTest"/>
  <system-out/>
</testsuite> <!-- extent.extent.ExtentReportTest -->
